d:\tinystudent\project1\project1\x64\debug\vc143.pdb
d:\tinystudent\project1\project1\x64\debug\vc143.idb
d:\tinystudent\project1\project1\x64\debug\model.obj
d:\tinystudent\project1\project1\x64\debug\main.obj
d:\tinystudent\project1\project1\x64\debug\tgaimage.obj
d:\tinystudent\project1\x64\debug\project1.pdb
d:\tinystudent\project1\project1\x64\debug\project1.tlog\cl.command.1.tlog
d:\tinystudent\project1\project1\x64\debug\project1.tlog\cl.items.tlog
d:\tinystudent\project1\project1\x64\debug\project1.tlog\cl.read.1.tlog
d:\tinystudent\project1\project1\x64\debug\project1.tlog\cl.write.1.tlog
d:\tinystudent\project1\project1\x64\debug\project1.tlog\link-cvtres.read.1.tlog
d:\tinystudent\project1\project1\x64\debug\project1.tlog\link-cvtres.write.1.tlog
d:\tinystudent\project1\project1\x64\debug\project1.tlog\link-rc.read.1.tlog
d:\tinystudent\project1\project1\x64\debug\project1.tlog\link-rc.write.1.tlog
d:\tinystudent\project1\project1\x64\debug\project1.tlog\link.17748-cvtres.read.1.tlog
d:\tinystudent\project1\project1\x64\debug\project1.tlog\link.17748-cvtres.write.1.tlog
d:\tinystudent\project1\project1\x64\debug\project1.tlog\link.17748-rc.read.1.tlog
d:\tinystudent\project1\project1\x64\debug\project1.tlog\link.17748-rc.write.1.tlog
d:\tinystudent\project1\project1\x64\debug\project1.tlog\link.17748.read.1.tlog
d:\tinystudent\project1\project1\x64\debug\project1.tlog\link.17748.read.2.tlog
d:\tinystudent\project1\project1\x64\debug\project1.tlog\link.17748.write.1.tlog
d:\tinystudent\project1\project1\x64\debug\project1.tlog\link.command.1.tlog
d:\tinystudent\project1\project1\x64\debug\project1.tlog\link.read.1.tlog
d:\tinystudent\project1\project1\x64\debug\project1.tlog\link.read.2.tlog
d:\tinystudent\project1\project1\x64\debug\project1.tlog\link.write.1.tlog
